{"/home/evans/Desktop/Microverse/Todo-List/src/modules/taskManager.js": {"path":"/home/evans/Desktop/Microverse/Todo-List/src/modules/taskManager.js","statementMap":{"0":{"start":{"line":1,"column":22},"end":{"line":1,"column":58}},"1":{"start":{"line":3,"column":12},"end":{"line":3,"column":14}},"2":{"start":{"line":5,"column":16},"end":{"line":8,"column":1}},"3":{"start":{"line":6,"column":15},"end":{"line":6,"column":36}},"4":{"start":{"line":7,"column":2},"end":{"line":7,"column":38}},"5":{"start":{"line":10,"column":21},"end":{"line":73,"column":1}},"6":{"start":{"line":11,"column":19},"end":{"line":11,"column":48}},"7":{"start":{"line":12,"column":2},"end":{"line":12,"column":35}},"8":{"start":{"line":14,"column":19},"end":{"line":14,"column":50}},"9":{"start":{"line":15,"column":2},"end":{"line":15,"column":29}},"10":{"start":{"line":16,"column":2},"end":{"line":16,"column":38}},"11":{"start":{"line":18,"column":2},"end":{"line":20,"column":3}},"12":{"start":{"line":19,"column":4},"end":{"line":19,"column":35}},"13":{"start":{"line":22,"column":19},"end":{"line":22,"column":50}},"14":{"start":{"line":23,"column":2},"end":{"line":23,"column":25}},"15":{"start":{"line":24,"column":2},"end":{"line":24,"column":38}},"16":{"start":{"line":25,"column":2},"end":{"line":25,"column":36}},"17":{"start":{"line":26,"column":2},"end":{"line":26,"column":40}},"18":{"start":{"line":28,"column":19},"end":{"line":28,"column":51}},"19":{"start":{"line":29,"column":2},"end":{"line":29,"column":60}},"20":{"start":{"line":31,"column":2},"end":{"line":31,"column":28}},"21":{"start":{"line":32,"column":2},"end":{"line":32,"column":28}},"22":{"start":{"line":33,"column":2},"end":{"line":33,"column":28}},"23":{"start":{"line":35,"column":2},"end":{"line":46,"column":5}},"24":{"start":{"line":36,"column":4},"end":{"line":36,"column":42}},"25":{"start":{"line":37,"column":4},"end":{"line":37,"column":40}},"26":{"start":{"line":39,"column":4},"end":{"line":43,"column":5}},"27":{"start":{"line":40,"column":6},"end":{"line":40,"column":37}},"28":{"start":{"line":42,"column":6},"end":{"line":42,"column":40}},"29":{"start":{"line":45,"column":4},"end":{"line":45,"column":14}},"30":{"start":{"line":48,"column":2},"end":{"line":52,"column":5}},"31":{"start":{"line":49,"column":4},"end":{"line":49,"column":41}},"32":{"start":{"line":50,"column":4},"end":{"line":50,"column":27}},"33":{"start":{"line":51,"column":4},"end":{"line":51,"column":14}},"34":{"start":{"line":54,"column":2},"end":{"line":58,"column":5}},"35":{"start":{"line":55,"column":4},"end":{"line":55,"column":42}},"36":{"start":{"line":56,"column":4},"end":{"line":56,"column":62}},"37":{"start":{"line":57,"column":4},"end":{"line":57,"column":14}},"38":{"start":{"line":60,"column":2},"end":{"line":70,"column":5}},"39":{"start":{"line":61,"column":4},"end":{"line":61,"column":41}},"40":{"start":{"line":62,"column":4},"end":{"line":62,"column":21}},"41":{"start":{"line":63,"column":4},"end":{"line":63,"column":61}},"42":{"start":{"line":65,"column":4},"end":{"line":69,"column":7}},"43":{"start":{"line":66,"column":18},"end":{"line":66,"column":27}},"44":{"start":{"line":67,"column":6},"end":{"line":67,"column":21}},"45":{"start":{"line":68,"column":6},"end":{"line":68,"column":16}},"46":{"start":{"line":72,"column":2},"end":{"line":72,"column":42}},"47":{"start":{"line":76,"column":19},"end":{"line":84,"column":1}},"48":{"start":{"line":78,"column":3},"end":{"line":78,"column":45}},"49":{"start":{"line":78,"column":31},"end":{"line":78,"column":43}},"50":{"start":{"line":79,"column":2},"end":{"line":83,"column":3}},"51":{"start":{"line":79,"column":15},"end":{"line":79,"column":16}},"52":{"start":{"line":80,"column":4},"end":{"line":82,"column":5}},"53":{"start":{"line":81,"column":6},"end":{"line":81,"column":23}},"54":{"start":{"line":86,"column":21},"end":{"line":99,"column":1}},"55":{"start":{"line":87,"column":17},"end":{"line":91,"column":3}},"56":{"start":{"line":93,"column":2},"end":{"line":93,"column":21}},"57":{"start":{"line":94,"column":33},"end":{"line":94,"column":53}},"58":{"start":{"line":95,"column":2},"end":{"line":95,"column":56}},"59":{"start":{"line":96,"column":2},"end":{"line":96,"column":19}},"60":{"start":{"line":98,"column":2},"end":{"line":98,"column":12}},"61":{"start":{"line":101,"column":18},"end":{"line":106,"column":1}},"62":{"start":{"line":102,"column":20},"end":{"line":102,"column":49}},"63":{"start":{"line":103,"column":2},"end":{"line":105,"column":3}},"64":{"start":{"line":104,"column":4},"end":{"line":104,"column":34}},"65":{"start":{"line":108,"column":16},"end":{"line":115,"column":1}},"66":{"start":{"line":109,"column":2},"end":{"line":109,"column":14}},"67":{"start":{"line":110,"column":2},"end":{"line":114,"column":3}},"68":{"start":{"line":110,"column":15},"end":{"line":110,"column":16}},"69":{"start":{"line":111,"column":27},"end":{"line":111,"column":35}},"70":{"start":{"line":112,"column":25},"end":{"line":112,"column":53}},"71":{"start":{"line":113,"column":4},"end":{"line":113,"column":35}},"72":{"start":{"line":116,"column":0},"end":{"line":116,"column":10}}},"fnMap":{"0":{"name":"(anonymous_0)","decl":{"start":{"line":5,"column":16},"end":{"line":5,"column":17}},"loc":{"start":{"line":5,"column":22},"end":{"line":8,"column":1}},"line":5},"1":{"name":"(anonymous_1)","decl":{"start":{"line":10,"column":21},"end":{"line":10,"column":22}},"loc":{"start":{"line":10,"column":33},"end":{"line":73,"column":1}},"line":10},"2":{"name":"(anonymous_2)","decl":{"start":{"line":35,"column":38},"end":{"line":35,"column":39}},"loc":{"start":{"line":35,"column":44},"end":{"line":46,"column":3}},"line":35},"3":{"name":"(anonymous_3)","decl":{"start":{"line":48,"column":37},"end":{"line":48,"column":38}},"loc":{"start":{"line":48,"column":43},"end":{"line":52,"column":3}},"line":48},"4":{"name":"(anonymous_4)","decl":{"start":{"line":54,"column":36},"end":{"line":54,"column":37}},"loc":{"start":{"line":54,"column":42},"end":{"line":58,"column":3}},"line":54},"5":{"name":"(anonymous_5)","decl":{"start":{"line":60,"column":37},"end":{"line":60,"column":38}},"loc":{"start":{"line":60,"column":43},"end":{"line":70,"column":3}},"line":60},"6":{"name":"(anonymous_6)","decl":{"start":{"line":65,"column":39},"end":{"line":65,"column":40}},"loc":{"start":{"line":65,"column":45},"end":{"line":69,"column":5}},"line":65},"7":{"name":"(anonymous_7)","decl":{"start":{"line":76,"column":19},"end":{"line":76,"column":20}},"loc":{"start":{"line":76,"column":28},"end":{"line":84,"column":1}},"line":76},"8":{"name":"(anonymous_8)","decl":{"start":{"line":78,"column":24},"end":{"line":78,"column":25}},"loc":{"start":{"line":78,"column":31},"end":{"line":78,"column":43}},"line":78},"9":{"name":"(anonymous_9)","decl":{"start":{"line":86,"column":21},"end":{"line":86,"column":22}},"loc":{"start":{"line":86,"column":27},"end":{"line":99,"column":1}},"line":86},"10":{"name":"(anonymous_10)","decl":{"start":{"line":101,"column":18},"end":{"line":101,"column":19}},"loc":{"start":{"line":101,"column":24},"end":{"line":106,"column":1}},"line":101},"11":{"name":"(anonymous_11)","decl":{"start":{"line":108,"column":16},"end":{"line":108,"column":17}},"loc":{"start":{"line":108,"column":22},"end":{"line":115,"column":1}},"line":108}},"branchMap":{"0":{"loc":{"start":{"line":18,"column":2},"end":{"line":20,"column":3}},"type":"if","locations":[{"start":{"line":18,"column":2},"end":{"line":20,"column":3}},{"start":{},"end":{}}],"line":18},"1":{"loc":{"start":{"line":39,"column":4},"end":{"line":43,"column":5}},"type":"if","locations":[{"start":{"line":39,"column":4},"end":{"line":43,"column":5}},{"start":{"line":41,"column":11},"end":{"line":43,"column":5}}],"line":39},"2":{"loc":{"start":{"line":80,"column":4},"end":{"line":82,"column":5}},"type":"if","locations":[{"start":{"line":80,"column":4},"end":{"line":82,"column":5}},{"start":{},"end":{}}],"line":80},"3":{"loc":{"start":{"line":103,"column":2},"end":{"line":105,"column":3}},"type":"if","locations":[{"start":{"line":103,"column":2},"end":{"line":105,"column":3}},{"start":{},"end":{}}],"line":103}},"s":{"0":1,"1":1,"2":1,"3":1,"4":1,"5":1,"6":1,"7":1,"8":1,"9":1,"10":1,"11":1,"12":0,"13":1,"14":1,"15":1,"16":1,"17":1,"18":1,"19":1,"20":1,"21":1,"22":1,"23":1,"24":0,"25":0,"26":0,"27":0,"28":0,"29":0,"30":1,"31":0,"32":0,"33":0,"34":1,"35":0,"36":0,"37":0,"38":1,"39":0,"40":0,"41":0,"42":0,"43":0,"44":0,"45":0,"46":1,"47":1,"48":1,"49":1,"50":1,"51":1,"52":1,"53":0,"54":1,"55":1,"56":1,"57":1,"58":1,"59":1,"60":1,"61":1,"62":1,"63":1,"64":0,"65":1,"66":1,"67":1,"68":1,"69":0,"70":0,"71":0,"72":1},"f":{"0":1,"1":1,"2":0,"3":0,"4":0,"5":0,"6":0,"7":1,"8":1,"9":1,"10":1,"11":1},"b":{"0":[0,1],"1":[0,0],"2":[0,1],"3":[0,1]},"_coverageSchema":"1a1c01bbd47fc00a2c39e90264f33305004495a9","hash":"2e52fcf06cd3fc69a8fa554968f14a0a1078bbe6"}
}
