{"/home/evans/Desktop/Microverse/Todo-List/src/modules/clearCompleted.js": {"path":"/home/evans/Desktop/Microverse/Todo-List/src/modules/clearCompleted.js","statementMap":{"0":{"start":{"line":3,"column":23},"end":{"line":7,"column":1}},"1":{"start":{"line":4,"column":23},"end":{"line":4,"column":62}},"2":{"start":{"line":4,"column":46},"end":{"line":4,"column":61}},"3":{"start":{"line":5,"column":2},"end":{"line":5,"column":21}},"4":{"start":{"line":6,"column":2},"end":{"line":6,"column":22}}},"fnMap":{"0":{"name":"(anonymous_0)","decl":{"start":{"line":3,"column":23},"end":{"line":3,"column":24}},"loc":{"start":{"line":3,"column":34},"end":{"line":7,"column":1}},"line":3},"1":{"name":"(anonymous_1)","decl":{"start":{"line":4,"column":36},"end":{"line":4,"column":37}},"loc":{"start":{"line":4,"column":46},"end":{"line":4,"column":61}},"line":4}},"branchMap":{},"s":{"0":1,"1":1,"2":3,"3":1,"4":1},"f":{"0":1,"1":3},"b":{},"_coverageSchema":"1a1c01bbd47fc00a2c39e90264f33305004495a9","hash":"963ba5bd8c58696004b1f2fefe47ea174b45029b"}
,"/home/evans/Desktop/Microverse/Todo-List/src/modules/filtered.js": {"path":"/home/evans/Desktop/Microverse/Todo-List/src/modules/filtered.js","statementMap":{"0":{"start":{"line":1,"column":14},"end":{"line":4,"column":3}},"1":{"start":{"line":1,"column":28},"end":{"line":4,"column":3}},"2":{"start":{"line":1,"column":56},"end":{"line":4,"column":1}},"3":{"start":{"line":6,"column":13},"end":{"line":9,"column":1}},"4":{"start":{"line":7,"column":21},"end":{"line":7,"column":36}},"5":{"start":{"line":8,"column":2},"end":{"line":8,"column":60}}},"fnMap":{"0":{"name":"(anonymous_0)","decl":{"start":{"line":1,"column":14},"end":{"line":1,"column":15}},"loc":{"start":{"line":1,"column":28},"end":{"line":4,"column":3}},"line":1},"1":{"name":"(anonymous_1)","decl":{"start":{"line":1,"column":41},"end":{"line":1,"column":42}},"loc":{"start":{"line":1,"column":56},"end":{"line":4,"column":1}},"line":1},"2":{"name":"(anonymous_2)","decl":{"start":{"line":6,"column":13},"end":{"line":6,"column":14}},"loc":{"start":{"line":6,"column":27},"end":{"line":9,"column":1}},"line":6}},"branchMap":{},"s":{"0":1,"1":1,"2":1,"3":1,"4":1,"5":1},"f":{"0":1,"1":1,"2":1},"b":{},"_coverageSchema":"1a1c01bbd47fc00a2c39e90264f33305004495a9","hash":"53507e5c3ffeb894e96514e061cc3d3902ff120e"}
,"/home/evans/Desktop/Microverse/Todo-List/src/modules/taskManager.js": {"path":"/home/evans/Desktop/Microverse/Todo-List/src/modules/taskManager.js","statementMap":{"0":{"start":{"line":1,"column":22},"end":{"line":1,"column":58}},"1":{"start":{"line":3,"column":12},"end":{"line":3,"column":14}},"2":{"start":{"line":5,"column":16},"end":{"line":8,"column":1}},"3":{"start":{"line":6,"column":15},"end":{"line":6,"column":36}},"4":{"start":{"line":7,"column":2},"end":{"line":7,"column":38}},"5":{"start":{"line":10,"column":19},"end":{"line":13,"column":1}},"6":{"start":{"line":11,"column":2},"end":{"line":11,"column":50}},"7":{"start":{"line":11,"column":33},"end":{"line":11,"column":48}},"8":{"start":{"line":12,"column":2},"end":{"line":12,"column":12}},"9":{"start":{"line":15,"column":21},"end":{"line":80,"column":1}},"10":{"start":{"line":16,"column":19},"end":{"line":16,"column":48}},"11":{"start":{"line":17,"column":2},"end":{"line":17,"column":35}},"12":{"start":{"line":19,"column":19},"end":{"line":19,"column":50}},"13":{"start":{"line":20,"column":2},"end":{"line":20,"column":29}},"14":{"start":{"line":21,"column":2},"end":{"line":21,"column":38}},"15":{"start":{"line":23,"column":2},"end":{"line":25,"column":3}},"16":{"start":{"line":24,"column":4},"end":{"line":24,"column":35}},"17":{"start":{"line":27,"column":19},"end":{"line":27,"column":50}},"18":{"start":{"line":28,"column":2},"end":{"line":28,"column":25}},"19":{"start":{"line":29,"column":2},"end":{"line":29,"column":38}},"20":{"start":{"line":30,"column":2},"end":{"line":30,"column":36}},"21":{"start":{"line":31,"column":2},"end":{"line":31,"column":40}},"22":{"start":{"line":33,"column":19},"end":{"line":33,"column":51}},"23":{"start":{"line":34,"column":2},"end":{"line":34,"column":60}},"24":{"start":{"line":36,"column":2},"end":{"line":36,"column":28}},"25":{"start":{"line":37,"column":2},"end":{"line":37,"column":28}},"26":{"start":{"line":38,"column":2},"end":{"line":38,"column":28}},"27":{"start":{"line":40,"column":2},"end":{"line":51,"column":5}},"28":{"start":{"line":41,"column":4},"end":{"line":41,"column":42}},"29":{"start":{"line":42,"column":4},"end":{"line":42,"column":40}},"30":{"start":{"line":44,"column":4},"end":{"line":48,"column":5}},"31":{"start":{"line":45,"column":6},"end":{"line":45,"column":37}},"32":{"start":{"line":47,"column":6},"end":{"line":47,"column":40}},"33":{"start":{"line":50,"column":4},"end":{"line":50,"column":14}},"34":{"start":{"line":53,"column":2},"end":{"line":57,"column":5}},"35":{"start":{"line":54,"column":4},"end":{"line":54,"column":41}},"36":{"start":{"line":55,"column":4},"end":{"line":55,"column":40}},"37":{"start":{"line":56,"column":4},"end":{"line":56,"column":14}},"38":{"start":{"line":59,"column":2},"end":{"line":63,"column":5}},"39":{"start":{"line":60,"column":4},"end":{"line":60,"column":42}},"40":{"start":{"line":61,"column":4},"end":{"line":61,"column":62}},"41":{"start":{"line":62,"column":4},"end":{"line":62,"column":14}},"42":{"start":{"line":65,"column":2},"end":{"line":75,"column":5}},"43":{"start":{"line":66,"column":4},"end":{"line":66,"column":41}},"44":{"start":{"line":67,"column":4},"end":{"line":67,"column":21}},"45":{"start":{"line":68,"column":4},"end":{"line":68,"column":61}},"46":{"start":{"line":70,"column":4},"end":{"line":74,"column":7}},"47":{"start":{"line":71,"column":18},"end":{"line":71,"column":27}},"48":{"start":{"line":72,"column":6},"end":{"line":72,"column":22}},"49":{"start":{"line":73,"column":6},"end":{"line":73,"column":16}},"50":{"start":{"line":77,"column":2},"end":{"line":79,"column":4}},"51":{"start":{"line":82,"column":21},"end":{"line":95,"column":1}},"52":{"start":{"line":83,"column":17},"end":{"line":87,"column":3}},"53":{"start":{"line":89,"column":2},"end":{"line":89,"column":21}},"54":{"start":{"line":90,"column":33},"end":{"line":90,"column":53}},"55":{"start":{"line":91,"column":2},"end":{"line":91,"column":56}},"56":{"start":{"line":92,"column":2},"end":{"line":92,"column":19}},"57":{"start":{"line":94,"column":2},"end":{"line":94,"column":12}},"58":{"start":{"line":97,"column":18},"end":{"line":102,"column":1}},"59":{"start":{"line":98,"column":20},"end":{"line":98,"column":49}},"60":{"start":{"line":99,"column":2},"end":{"line":101,"column":3}},"61":{"start":{"line":100,"column":4},"end":{"line":100,"column":34}},"62":{"start":{"line":104,"column":16},"end":{"line":111,"column":1}},"63":{"start":{"line":105,"column":2},"end":{"line":105,"column":14}},"64":{"start":{"line":106,"column":2},"end":{"line":110,"column":3}},"65":{"start":{"line":106,"column":15},"end":{"line":106,"column":16}},"66":{"start":{"line":107,"column":27},"end":{"line":107,"column":35}},"67":{"start":{"line":108,"column":25},"end":{"line":108,"column":53}},"68":{"start":{"line":109,"column":4},"end":{"line":109,"column":35}},"69":{"start":{"line":112,"column":0},"end":{"line":112,"column":10}}},"fnMap":{"0":{"name":"(anonymous_0)","decl":{"start":{"line":5,"column":16},"end":{"line":5,"column":17}},"loc":{"start":{"line":5,"column":22},"end":{"line":8,"column":1}},"line":5},"1":{"name":"(anonymous_1)","decl":{"start":{"line":10,"column":19},"end":{"line":10,"column":20}},"loc":{"start":{"line":10,"column":28},"end":{"line":13,"column":1}},"line":10},"2":{"name":"(anonymous_2)","decl":{"start":{"line":11,"column":23},"end":{"line":11,"column":24}},"loc":{"start":{"line":11,"column":33},"end":{"line":11,"column":48}},"line":11},"3":{"name":"(anonymous_3)","decl":{"start":{"line":15,"column":21},"end":{"line":15,"column":22}},"loc":{"start":{"line":15,"column":33},"end":{"line":80,"column":1}},"line":15},"4":{"name":"(anonymous_4)","decl":{"start":{"line":40,"column":38},"end":{"line":40,"column":39}},"loc":{"start":{"line":40,"column":44},"end":{"line":51,"column":3}},"line":40},"5":{"name":"(anonymous_5)","decl":{"start":{"line":53,"column":37},"end":{"line":53,"column":38}},"loc":{"start":{"line":53,"column":43},"end":{"line":57,"column":3}},"line":53},"6":{"name":"(anonymous_6)","decl":{"start":{"line":59,"column":36},"end":{"line":59,"column":37}},"loc":{"start":{"line":59,"column":42},"end":{"line":63,"column":3}},"line":59},"7":{"name":"(anonymous_7)","decl":{"start":{"line":65,"column":37},"end":{"line":65,"column":38}},"loc":{"start":{"line":65,"column":43},"end":{"line":75,"column":3}},"line":65},"8":{"name":"(anonymous_8)","decl":{"start":{"line":70,"column":39},"end":{"line":70,"column":40}},"loc":{"start":{"line":70,"column":45},"end":{"line":74,"column":5}},"line":70},"9":{"name":"(anonymous_9)","decl":{"start":{"line":82,"column":21},"end":{"line":82,"column":22}},"loc":{"start":{"line":82,"column":27},"end":{"line":95,"column":1}},"line":82},"10":{"name":"(anonymous_10)","decl":{"start":{"line":97,"column":18},"end":{"line":97,"column":19}},"loc":{"start":{"line":97,"column":24},"end":{"line":102,"column":1}},"line":97},"11":{"name":"(anonymous_11)","decl":{"start":{"line":104,"column":16},"end":{"line":104,"column":17}},"loc":{"start":{"line":104,"column":22},"end":{"line":111,"column":1}},"line":104}},"branchMap":{"0":{"loc":{"start":{"line":23,"column":2},"end":{"line":25,"column":3}},"type":"if","locations":[{"start":{"line":23,"column":2},"end":{"line":25,"column":3}},{"start":{},"end":{}}],"line":23},"1":{"loc":{"start":{"line":44,"column":4},"end":{"line":48,"column":5}},"type":"if","locations":[{"start":{"line":44,"column":4},"end":{"line":48,"column":5}},{"start":{"line":46,"column":11},"end":{"line":48,"column":5}}],"line":44},"2":{"loc":{"start":{"line":99,"column":2},"end":{"line":101,"column":3}},"type":"if","locations":[{"start":{"line":99,"column":2},"end":{"line":101,"column":3}},{"start":{},"end":{}}],"line":99}},"s":{"0":1,"1":1,"2":1,"3":6,"4":6,"5":1,"6":1,"7":1,"8":1,"9":1,"10":4,"11":4,"12":4,"13":4,"14":4,"15":4,"16":0,"17":4,"18":4,"19":4,"20":4,"21":4,"22":4,"23":4,"24":4,"25":4,"26":4,"27":4,"28":2,"29":2,"30":2,"31":1,"32":1,"33":2,"34":4,"35":1,"36":1,"37":1,"38":4,"39":1,"40":1,"41":1,"42":4,"43":0,"44":0,"45":0,"46":0,"47":0,"48":0,"49":0,"50":4,"51":1,"52":1,"53":1,"54":1,"55":1,"56":1,"57":1,"58":1,"59":1,"60":1,"61":0,"62":1,"63":1,"64":1,"65":1,"66":0,"67":0,"68":0,"69":1},"f":{"0":6,"1":1,"2":1,"3":4,"4":2,"5":1,"6":1,"7":0,"8":0,"9":1,"10":1,"11":1},"b":{"0":[0,4],"1":[1,1],"2":[0,1]},"_coverageSchema":"1a1c01bbd47fc00a2c39e90264f33305004495a9","hash":"ab9dab6eb4e7b79de735597789273311d8b746a0"}
}
