TN:
SF:src\modules\taskManager.js
FN:5,(anonymous_0)
FN:10,(anonymous_1)
FN:35,(anonymous_2)
FN:48,(anonymous_3)
FN:54,(anonymous_4)
FN:60,(anonymous_5)
FN:65,(anonymous_6)
FN:75,(anonymous_7)
FN:84,(anonymous_8)
FN:86,(anonymous_9)
FN:99,(anonymous_10)
FN:115,(anonymous_11)
FN:122,(anonymous_12)
FNF:13
FNH:7
FNDA:1,(anonymous_0)
FNDA:1,(anonymous_1)
FNDA:0,(anonymous_2)
FNDA:0,(anonymous_3)
FNDA:0,(anonymous_4)
FNDA:0,(anonymous_5)
FNDA:0,(anonymous_6)
FNDA:0,(anonymous_7)
FNDA:1,(anonymous_8)
FNDA:1,(anonymous_9)
FNDA:1,(anonymous_10)
FNDA:1,(anonymous_11)
FNDA:1,(anonymous_12)
DA:1,1
DA:3,1
DA:5,1
DA:6,1
DA:7,1
DA:10,1
DA:11,1
DA:12,1
DA:14,1
DA:15,1
DA:16,1
DA:18,1
DA:19,0
DA:22,1
DA:23,1
DA:24,1
DA:25,1
DA:26,1
DA:28,1
DA:29,1
DA:31,1
DA:32,1
DA:33,1
DA:35,1
DA:36,0
DA:37,0
DA:39,0
DA:40,0
DA:42,0
DA:45,0
DA:48,1
DA:49,0
DA:50,0
DA:51,0
DA:54,1
DA:55,0
DA:56,0
DA:57,0
DA:60,1
DA:61,0
DA:62,0
DA:63,0
DA:65,0
DA:66,0
DA:67,0
DA:68,0
DA:72,1
DA:75,1
DA:77,0
DA:84,1
DA:86,1
DA:88,1
DA:89,1
DA:90,0
DA:99,1
DA:100,1
DA:107,1
DA:108,1
DA:109,1
DA:110,1
DA:112,1
DA:115,1
DA:116,1
DA:117,1
DA:118,0
DA:122,1
DA:123,1
DA:124,1
DA:125,0
DA:126,0
DA:127,0
DA:130,1
LF:72
LH:46
BRDA:18,0,0,0
BRDA:18,0,1,1
BRDA:39,1,0,0
BRDA:39,1,1,0
BRDA:89,2,0,0
BRDA:89,2,1,1
BRDA:117,3,0,0
BRDA:117,3,1,1
BRF:8
BRH:3
end_of_record
